<?xml version="1.0" encoding="UTF-8"?>
<!-- Generated by org.testng.reporters.JUnitReportReporter -->
<testsuite skipped="0" hostname="NODE588" name="com.Testng.Sel.ParallelEx2" tests="4" failures="0" timestamp="09 Oct 2019 10:12:49 GMT" time="225.124" errors="0">
  <testcase name="TC1" time="71.109" classname="com.Testng.Sel.ParallelEx2"/>
  <testcase name="TC1" time="75.652" classname="com.Testng.Sel.ParallelEx2"/>
  <testcase name="TC2" time="40.110" classname="com.Testng.Sel.ParallelEx2"/>
  <testcase name="TC2" time="38.253" classname="com.Testng.Sel.ParallelEx2"/>
</testsuite> <!-- com.Testng.Sel.ParallelEx2 -->
