<?xml version="1.0" encoding="UTF-8"?>
<!-- Generated by org.testng.reporters.JUnitReportReporter -->
<testsuite skipped="0" hostname="NODE588" name="com.Testng.Sel.Annotation" tests="2" failures="0" timestamp="27 Aug 2019 06:10:48 GMT" time="0.019" errors="0">
  <testcase name="login" time="0.013" classname="com.Testng.Sel.Annotation"/>
  <testcase name="signup" time="0.006" classname="com.Testng.Sel.Annotation"/>
</testsuite> <!-- com.Testng.Sel.Annotation -->
