<?xml version="1.0" encoding="UTF-8"?>
<!-- Generated by org.testng.reporters.JUnitReportReporter -->
<testsuite skipped="0" hostname="NODE588" name="com.Testng.Sel.Anup" tests="1" failures="0" timestamp="23 Aug 2019 10:39:14 GMT" time="0.013" errors="0">
  <testcase name="m19" time="0.013" classname="com.Testng.Sel.Anup"/>
</testsuite> <!-- com.Testng.Sel.Anup -->
