<?xml version="1.0" encoding="UTF-8"?>
<!-- Generated by org.testng.reporters.JUnitReportReporter -->
<testsuite skipped="1" hostname="NODE588" name="com.Testng.Sel.AssertDemo" tests="2" failures="0" timestamp="26 Jul 2019 07:12:07 GMT" time="15.847" errors="0">
  <testcase name="validLogin" time="15.847" classname="com.Testng.Sel.AssertDemo"/>
  <testcase name="invalidLogin" classname="com.Testng.Sel.AssertDemo">
    <skipped/>
  </testcase> <!-- invalidLogin -->
</testsuite> <!-- com.Testng.Sel.AssertDemo -->
