<?xml version="1.0" encoding="UTF-8"?>
<!-- Generated by org.testng.reporters.JUnitReportReporter -->
<testsuite skipped="0" hostname="NODE588" name="com.Testng.Sel.A" tests="1" failures="0" timestamp="23 Jul 2019 06:08:46 GMT" time="0.001" errors="0">
  <testcase name="jack" time="0.001" classname="com.Testng.Sel.A"/>
</testsuite> <!-- com.Testng.Sel.A -->
