<?xml version="1.0" encoding="UTF-8"?>
<!-- Generated by org.testng.reporters.JUnitReportReporter -->
<testsuite skipped="0" hostname="NODE588" name="com.Testng.Sel.Batch_Execution" tests="3" failures="0" timestamp="22 Jul 2019 08:55:39 GMT" time="0.012" errors="0">
  <testcase name="Bsample" time="0.003" classname="com.Testng.Sel.Batch_Execution"/>
  <testcase name="Cdummy" time="0.007" classname="com.Testng.Sel.Batch_Execution"/>
  <testcase name="Ademo" time="0.002" classname="com.Testng.Sel.Batch_Execution"/>
</testsuite> <!-- com.Testng.Sel.Batch_Execution -->
