<?xml version="1.0" encoding="UTF-8"?>
<!-- Generated by org.testng.reporters.JUnitReportReporter -->
<testsuite skipped="0" hostname="NODE588" name="com.Testng.Sel.SampleTest" tests="2" failures="0" timestamp="23 Jul 2019 06:08:46 GMT" time="0.016" errors="0">
  <testcase name="boggy" time="0.004" classname="com.Testng.Sel.SampleTest"/>
  <testcase name="hobo" time="0.012" classname="com.Testng.Sel.SampleTest"/>
</testsuite> <!-- com.Testng.Sel.SampleTest -->
