<?xml version="1.0" encoding="UTF-8"?>
<!-- Generated by org.testng.reporters.JUnitReportReporter -->
<testsuite skipped="0" hostname="NODE588" name="com.Testng.Sel.ParallelExecution" tests="2" failures="0" timestamp="12 Sep 2019 10:27:56 GMT" time="72.455" errors="0">
  <testcase name="validLogin" time="41.718" classname="com.Testng.Sel.ParallelExecution"/>
  <testcase name="validLogin" time="30.737" classname="com.Testng.Sel.ParallelExecution"/>
</testsuite> <!-- com.Testng.Sel.ParallelExecution -->
