<?xml version="1.0" encoding="UTF-8"?>
<!-- Generated by org.testng.reporters.JUnitReportReporter -->
<testsuite skipped="1" hostname="NODE588" name="com.Testng.Sel.Priority" tests="4" failures="0" timestamp="03 Oct 2019 05:52:52 GMT" time="0.021" errors="0">
  <testcase name="sendEmail" time="0.017" classname="com.Testng.Sel.Priority"/>
  <testcase name="A" time="0.002" classname="com.Testng.Sel.Priority"/>
  <testcase name="login" time="0.002" classname="com.Testng.Sel.Priority"/>
  <testcase name="registerAccount" classname="com.Testng.Sel.Priority">
    <skipped/>
  </testcase> <!-- registerAccount -->
</testsuite> <!-- com.Testng.Sel.Priority -->
